2025-05-08 16:39:14,576 ERROR: 데이터베이스 초기화 중 오류 발생: Multiple classes found for path "Attendance" in the registry of this declarative base. Please use a fully module-qualified path. [in C:\restaurant_system\restaurant_system_web\app.py:448]
2025-05-08 16:44:25,232 ERROR: 데이터베이스 초기화 중 오류 발생: Mapper 'mapped class Employee->employees' has no property 'payrolls' [in C:\restaurant_system\restaurant_system_web\app.py:448]
2025-05-08 16:44:25,232 ERROR: 데이터베이스 초기화 중 오류 발생: Mapper 'mapped class Employee->employees' has no property 'payrolls' [in C:\restaurant_system\restaurant_system_web\app.py:448]
2025-05-08 16:44:54,413 ERROR: 데이터베이스 초기화 중 오류 발생: Error creating backref 'orders' on relationship 'Order.user': property of that name exists on mapper 'mapped class User->users' [in C:\restaurant_system\restaurant_system_web\app.py:448]
2025-05-08 16:44:54,413 ERROR: 데이터베이스 초기화 중 오류 발생: Error creating backref 'orders' on relationship 'Order.user': property of that name exists on mapper 'mapped class User->users' [in C:\restaurant_system\restaurant_system_web\app.py:448]
2025-05-08 16:46:01,120 INFO: 관리자 계정이 생성되었습니다. [in C:\restaurant_system\restaurant_system_web\app.py:442]
2025-05-08 16:46:01,120 INFO: 관리자 계정이 생성되었습니다. [in C:\restaurant_system\restaurant_system_web\app.py:442]
2025-05-08 16:46:02,214 ERROR: 데이터베이스 초기화 중 오류 발생: (raised as a result of Query-invoked autoflush; consider using a session.no_autoflush block if this flush is occurring prematurely)
(sqlite3.IntegrityError) NOT NULL constraint failed: employees.email
[SQL: INSERT INTO employees (user_id, name, email, phone, position, hire_date, status, created_at, updated_at) VALUES (?, ?, ?, ?, ?, ?, ?, ?, ?)]
[parameters: (2, '김철수', None, '010-1234-5678', '주방장', '2024-05-08', 'active', '2025-05-08 07:46:02.212191', '2025-05-08 07:46:02.212210')]
(Background on this error at: https://sqlalche.me/e/14/gkpj) [in C:\restaurant_system\restaurant_system_web\app.py:448]
2025-05-08 16:46:02,214 ERROR: 데이터베이스 초기화 중 오류 발생: (raised as a result of Query-invoked autoflush; consider using a session.no_autoflush block if this flush is occurring prematurely)
(sqlite3.IntegrityError) NOT NULL constraint failed: employees.email
[SQL: INSERT INTO employees (user_id, name, email, phone, position, hire_date, status, created_at, updated_at) VALUES (?, ?, ?, ?, ?, ?, ?, ?, ?)]
[parameters: (2, '김철수', None, '010-1234-5678', '주방장', '2024-05-08', 'active', '2025-05-08 07:46:02.212191', '2025-05-08 07:46:02.212210')]
(Background on this error at: https://sqlalche.me/e/14/gkpj) [in C:\restaurant_system\restaurant_system_web\app.py:448]
2025-05-08 16:46:51,728 INFO: 관리자 계정이 생성되었습니다. [in C:\restaurant_system\restaurant_system_web\app.py:443]
2025-05-08 16:46:51,728 INFO: 관리자 계정이 생성되었습니다. [in C:\restaurant_system\restaurant_system_web\app.py:443]
2025-05-08 16:46:56,847 ERROR: 데이터베이스 초기화 중 오류 발생: (sqlite3.IntegrityError) NOT NULL constraint failed: orders.item_name
[SQL: INSERT INTO orders (user_id, supplier_id, status, order_date, delivery_date, total_amount, notes, created_at, updated_at, item_name, category, quantity, expected_date) VALUES (?, ?, ?, ?, ?, ?, ?, ?, ?, ?, ?, ?, ?)]
[parameters: (1, 1, '대기중', '2025-05-08 16:46:56.841600', '2025-05-09 16:46:56.841611', 0.0, None, '2025-05-08 07:46:56.845717', '2025-05-08 07:46:56.845742', None, None, None, None)]
(Background on this error at: https://sqlalche.me/e/14/gkpj) [in C:\restaurant_system\restaurant_system_web\app.py:449]
2025-05-08 16:46:56,847 ERROR: 데이터베이스 초기화 중 오류 발생: (sqlite3.IntegrityError) NOT NULL constraint failed: orders.item_name
[SQL: INSERT INTO orders (user_id, supplier_id, status, order_date, delivery_date, total_amount, notes, created_at, updated_at, item_name, category, quantity, expected_date) VALUES (?, ?, ?, ?, ?, ?, ?, ?, ?, ?, ?, ?, ?)]
[parameters: (1, 1, '대기중', '2025-05-08 16:46:56.841600', '2025-05-09 16:46:56.841611', 0.0, None, '2025-05-08 07:46:56.845717', '2025-05-08 07:46:56.845742', None, None, None, None)]
(Background on this error at: https://sqlalche.me/e/14/gkpj) [in C:\restaurant_system\restaurant_system_web\app.py:449]
2025-05-08 16:48:24,263 INFO: 관리자 계정이 생성되었습니다. [in C:\restaurant_system\restaurant_system_web\app.py:451]
2025-05-08 16:48:24,263 INFO: 관리자 계정이 생성되었습니다. [in C:\restaurant_system\restaurant_system_web\app.py:451]
2025-05-08 16:48:30,597 INFO: 샘플 데이터가 생성되었습니다. [in C:\restaurant_system\restaurant_system_web\app.py:455]
2025-05-08 16:48:30,597 INFO: 샘플 데이터가 생성되었습니다. [in C:\restaurant_system\restaurant_system_web\app.py:455]
2025-05-08 16:49:06,089 INFO: 관리자 계정이 생성되었습니다. [in C:\restaurant_system\restaurant_system_web\app.py:451]
2025-05-08 16:49:06,089 INFO: 관리자 계정이 생성되었습니다. [in C:\restaurant_system\restaurant_system_web\app.py:451]
2025-05-08 16:49:13,416 INFO: 샘플 데이터가 생성되었습니다. [in C:\restaurant_system\restaurant_system_web\app.py:455]
2025-05-08 16:49:13,416 INFO: 샘플 데이터가 생성되었습니다. [in C:\restaurant_system\restaurant_system_web\app.py:455]
2025-05-08 16:49:13,452 INFO: 레스토랑 시스템 시작 [in C:\restaurant_system\restaurant_system_web\app.py:476]
2025-05-08 16:49:13,452 INFO: 레스토랑 시스템 시작 [in C:\restaurant_system\restaurant_system_web\app.py:476]
2025-05-08 16:49:34,672 INFO: 관리자 계정이 생성되었습니다. [in C:\restaurant_system\restaurant_system_web\app.py:451]
2025-05-08 16:49:34,672 INFO: 관리자 계정이 생성되었습니다. [in C:\restaurant_system\restaurant_system_web\app.py:451]
2025-05-08 16:49:39,896 INFO: 샘플 데이터가 생성되었습니다. [in C:\restaurant_system\restaurant_system_web\app.py:455]
2025-05-08 16:49:39,896 INFO: 샘플 데이터가 생성되었습니다. [in C:\restaurant_system\restaurant_system_web\app.py:455]
2025-05-08 16:49:39,898 INFO: 레스토랑 시스템 시작 [in C:\restaurant_system\restaurant_system_web\app.py:476]
2025-05-08 16:49:39,898 INFO: 레스토랑 시스템 시작 [in C:\restaurant_system\restaurant_system_web\app.py:476]
2025-05-08 16:55:37,662 ERROR: 데이터베이스 초기화 중 오류 발생: Mapper 'mapped class Employee->employees' has no property 'evaluations' [in C:\restaurant_system\restaurant_system_web\app.py:457]
2025-05-08 16:55:37,662 ERROR: 데이터베이스 초기화 중 오류 발생: Mapper 'mapped class Employee->employees' has no property 'evaluations' [in C:\restaurant_system\restaurant_system_web\app.py:457]
2025-05-08 16:55:37,713 INFO: 레스토랑 시스템 시작 [in C:\restaurant_system\restaurant_system_web\app.py:476]
2025-05-08 16:55:37,713 INFO: 레스토랑 시스템 시작 [in C:\restaurant_system\restaurant_system_web\app.py:476]
2025-05-08 16:56:40,171 INFO: 관리자 계정이 생성되었습니다. [in C:\restaurant_system\restaurant_system_web\app.py:451]
2025-05-08 16:56:40,171 INFO: 관리자 계정이 생성되었습니다. [in C:\restaurant_system\restaurant_system_web\app.py:451]
2025-05-08 16:56:50,345 INFO: 샘플 데이터가 생성되었습니다. [in C:\restaurant_system\restaurant_system_web\app.py:455]
2025-05-08 16:56:50,345 INFO: 샘플 데이터가 생성되었습니다. [in C:\restaurant_system\restaurant_system_web\app.py:455]
2025-05-08 16:57:35,528 INFO: 관리자 계정이 생성되었습니다. [in C:\restaurant_system\restaurant_system_web\app.py:451]
2025-05-08 16:57:35,528 INFO: 관리자 계정이 생성되었습니다. [in C:\restaurant_system\restaurant_system_web\app.py:451]
2025-05-08 16:57:42,557 INFO: 샘플 데이터가 생성되었습니다. [in C:\restaurant_system\restaurant_system_web\app.py:455]
2025-05-08 16:57:42,557 INFO: 샘플 데이터가 생성되었습니다. [in C:\restaurant_system\restaurant_system_web\app.py:455]
2025-05-08 17:12:04,469 INFO: 관리자 계정이 생성되었습니다. [in C:\restaurant_system\restaurant_system_web\app.py:451]
2025-05-08 17:12:04,469 INFO: 관리자 계정이 생성되었습니다. [in C:\restaurant_system\restaurant_system_web\app.py:451]
2025-05-08 17:12:08,429 INFO: 샘플 데이터가 생성되었습니다. [in C:\restaurant_system\restaurant_system_web\app.py:455]
2025-05-08 17:12:08,429 INFO: 샘플 데이터가 생성되었습니다. [in C:\restaurant_system\restaurant_system_web\app.py:455]
2025-05-08 17:12:08,433 INFO: 레스토랑 시스템 시작 [in C:\restaurant_system\restaurant_system_web\app.py:476]
2025-05-08 17:12:08,433 INFO: 레스토랑 시스템 시작 [in C:\restaurant_system\restaurant_system_web\app.py:476]
2025-05-08 17:19:44,036 INFO: 관리자 계정이 생성되었습니다. [in C:\restaurant_system\restaurant_system_web\app.py:451]
2025-05-08 17:19:44,036 INFO: 관리자 계정이 생성되었습니다. [in C:\restaurant_system\restaurant_system_web\app.py:451]
2025-05-08 17:19:52,539 INFO: 샘플 데이터가 생성되었습니다. [in C:\restaurant_system\restaurant_system_web\app.py:455]
2025-05-08 17:19:52,539 INFO: 샘플 데이터가 생성되었습니다. [in C:\restaurant_system\restaurant_system_web\app.py:455]
2025-05-08 17:19:52,559 INFO: 레스토랑 시스템 시작 [in C:\restaurant_system\restaurant_system_web\app.py:476]
2025-05-08 17:19:52,559 INFO: 레스토랑 시스템 시작 [in C:\restaurant_system\restaurant_system_web\app.py:476]
